#
# A fatal error has been detected by the Java Runtime Environment:
#
#  SIGSEGV (0xb) at pc=0x00007f98021232ad, pid=17358, tid=0x00007f97eca9c700
#
# JRE version: Java(TM) SE Runtime Environment (8.0_181-b13) (build 1.8.0_181-b13)
# Java VM: Java HotSpot(TM) 64-Bit Server VM (25.181-b13 mixed mode linux-amd64 compressed oops)
# Problematic frame:
# V  [libjvm.so+0x6532ad]  InstanceKlass::oop_push_contents(PSPromotionManager*, oopDesc*)+0xbd
#
# Failed to write core dump. Core dumps have been disabled. To enable core dumping, try "ulimit -c unlimited" before starting Java again
#
# If you would like to submit a bug report, please visit:
#   http://bugreport.java.com/bugreport/crash.jsp
#

---------------  T H R E A D  ---------------

Current thread (0x00007f97fc023800):  GCTaskThread [stack: 0x00007f97ec99c000,0x00007f97eca9d000] [id=17381]

siginfo: si_signo: 11 (SIGSEGV), si_code: 2 (SEGV_ACCERR), si_addr: 0x00000000f46a32a0

Registers:
RAX=0x00000000f46a32a0, RBX=0x000000010016dc60, RCX=0x0000000000000000, RDX=0x00000000f46a32a0
RSP=0x00007f97eca9bab0, RBP=0x00007f97eca9bb00, RSI=0x0000000000000000, RDI=0x0000000000000000
R8 =0x00007f9802a709f0, R9 =0x00007f9802aa4210, R10=0x00000000e2d7d210, R11=0x00007f97eca9bac0
R12=0x00000000946a31e8, R13=0x00000000946a31d0, R14=0x000000010016dc60, R15=0x00000000946a31c0
RIP=0x00007f98021232ad, EFLAGS=0x0000000000010206, CSGSFS=0x002b000000000033, ERR=0x0000000000000004
  TRAPNO=0x000000000000000e

Top of Stack: (sp=0x00007f97eca9bab0)
0x00007f97eca9bab0:   0000000094661a71 00007f9802aa4210
0x00007f97eca9bac0:   000000009466b155 00007f97fc075ca0
0x00007f97eca9bad0:   00007f97fc023800 00000000946a31c0
0x00007f97eca9bae0:   00000000946a3e00 00007f97ecca251f
0x00007f97eca9baf0:   00007f97fc018600 00007f97ecca2581
0x00007f97eca9bb00:   00007f97eca9bbc0 00007f9801ed340f
0x00007f97eca9bb10:   00007f97eca9bb50 00007f97ecca2580
0x00007f97eca9bb20:   00007f97ecca2501 00007f9802a94f79
0x00007f97eca9bb30:   00007f97fc075c40 00000000948835c0
0x00007f97eca9bb40:   00007f97fc018340 00007f97ecca341b
0x00007f97eca9bb50:   00000000946a1a40 0000000000000200
0x00007f97eca9bb60:   00000000946b0008 00007f97ecca250f
0x00007f97eca9bb70:   0000000000000240 00007f97ecca2600
0x00007f97eca9bb80:   00007f97ecca2700 00007f97ecca251f
0x00007f97eca9bb90:   00007f97ecca250f 00007f97fc027840
0x00007f97eca9bba0:   00007f97fc075c40 0000000000000001
0x00007f97eca9bbb0:   00007f97fc023b00 00007f980262ef46
0x00007f97eca9bbc0:   00007f97eca9bbf0 00007f980246b97b
0x00007f97eca9bbd0:   00007f9700000004 0000000000000001
0x00007f97eca9bbe0:   00007f97fc027840 00007f97fc023800
0x00007f97eca9bbf0:   00007f97eca9bd00 00007f98020ae82f
0x00007f97eca9bc00:   0000000000000000 00007f97eca9bc40
0x00007f97eca9bc10:   00007f97eca9bcc0 0000000000000000
0x00007f97eca9bc20:   00007f97fc023b40 00007f97fc023b50
0x00007f97eca9bc30:   00007f97fc023f28 00000000000003d8
0x00007f97eca9bc40:   00007f97fc023800 00007f97fc023f30
0x00007f97eca9bc50:   00007f97fc023f70 00007f97fc023f80
0x00007f97eca9bc60:   00007f97fc024058 00000000000000d8
0x00007f97eca9bc70:   00007f97eca9bc80 0000000000000001
0x00007f97eca9bc80:   00007f97fc023800 00007f97fc023f30
0x00007f97eca9bc90:   00007f97fc023f70 00007f97fc023f80
0x00007f97eca9bca0:   00007f97fc024058 00000000000000d8 

Instructions: (pc=0x00007f98021232ad)
0x00007f980212328d:   49 3b 01 0f 82 88 00 00 00 4c 8b 05 33 ab 92 00
0x00007f980212329d:   41 8b 70 08 49 8b 38 89 f1 48 d3 e0 48 8d 14 07
0x00007f98021232ad:   48 8b 02 83 e0 03 48 83 f8 03 0f 85 3b 01 00 00
0x00007f98021232bd:   48 8b 05 3c f2 92 00 48 8b 12 80 38 00 74 10 48 

Register to memory mapping:

RAX=0x00000000f46a32a0 is an unallocated location in the heap
RBX=0x000000010016dc60 is pointing into metadata
RCX=0x0000000000000000 is an unknown value
RDX=0x00000000f46a32a0 is an unallocated location in the heap
RSP=0x00007f97eca9bab0 is an unknown value
RBP=0x00007f97eca9bb00 is an unknown value
RSI=0x0000000000000000 is an unknown value
RDI=0x0000000000000000 is an unknown value
R8 =0x00007f9802a709f0: <offset 0xfa09f0> in /usr/lib/jvm/java-8-oracle/jre/lib/amd64/server/libjvm.so at 0x00007f9801ad0000
R9 =0x00007f9802aa4210: <offset 0xfd4210> in /usr/lib/jvm/java-8-oracle/jre/lib/amd64/server/libjvm.so at 0x00007f9801ad0000
R10=0x00000000e2d7d210 is an oop
java.util.Collections$EmptyList 
 - klass: 'java/util/Collections$EmptyList'
R11=0x00007f97eca9bac0 is an unknown value
R12=0x00000000946a31e8 is pointing into object: 0x00000000946a31c0
org.eclipse.aether.repository.RemoteRepository 
 - klass: 'org/eclipse/aether/repository/RemoteRepository'
R13=0x00000000946a31d0 is pointing into object: 0x00000000946a31c0
org.eclipse.aether.repository.RemoteRepository 
 - klass: 'org/eclipse/aether/repository/RemoteRepository'
R14=0x000000010016dc60 is pointing into metadata
R15=0x00000000946a31c0 is an oop
org.eclipse.aether.repository.RemoteRepository 
 - klass: 'org/eclipse/aether/repository/RemoteRepository'


Stack: [0x00007f97ec99c000,0x00007f97eca9d000],  sp=0x00007f97eca9bab0,  free space=1022k
Native frames: (J=compiled Java code, j=interpreted, Vv=VM code, C=native code)
V  [libjvm.so+0x6532ad]  InstanceKlass::oop_push_contents(PSPromotionManager*, oopDesc*)+0xbd
V  [libjvm.so+0x40340f]  CardTableExtension::scavenge_contents_parallel(ObjectStartArray*, MutableSpace*, HeapWord*, PSPromotionManager*, unsigned int, unsigned int)+0x5ff
V  [libjvm.so+0x99b97b]  OldToYoungRootsTask::do_it(GCTaskManager*, unsigned int)+0x4b
V  [libjvm.so+0x5de82f]  GCTaskThread::run()+0x12f
V  [libjvm.so+0x930198]  java_start(Thread*)+0x108


---------------  P R O C E S S  ---------------

Java Threads: ( => current thread )
  0x00007f97fca9d000 JavaThread "Thread-4" [_thread_in_native, id=17415, stack(0x00007f97dc75e000,0x00007f97dc85f000)]
  0x00007f97fcaa1000 JavaThread "Thread-3" [_thread_in_native, id=17414, stack(0x00007f97dc85f000,0x00007f97dc960000)]
  0x00007f97fcaa0000 JavaThread "Thread-2" [_thread_blocked, id=17413, stack(0x00007f97dc960000,0x00007f97dca61000)]
  0x00007f97fca98000 JavaThread "process reaper" daemon [_thread_in_native, id=17412, stack(0x00007f97dca61000,0x00007f97dca9a000)]
  0x00007f97fca6d800 JavaThread "ThreadedStreamConsumer" daemon [_thread_blocked, id=17409, stack(0x00007f97dca9a000,0x00007f97dcb9b000)]
  0x00007f97fca4e800 JavaThread "ping-timer-10s" daemon [_thread_blocked, id=17408, stack(0x00007f97dcb9b000,0x00007f97dcc9c000)]
  0x00007f97fca46000 JavaThread "timeout-check-timer" daemon [_thread_blocked, id=17407, stack(0x00007f97dcc9c000,0x00007f97dcd9d000)]
  0x00007f97fca39000 JavaThread "resolver-5" daemon [_thread_blocked, id=17406, stack(0x00007f97dcd9d000,0x00007f97dce9e000)]
  0x00007f97fca37800 JavaThread "resolver-4" daemon [_thread_blocked, id=17405, stack(0x00007f97dce9e000,0x00007f97dcf9f000)]
  0x00007f97fca34800 JavaThread "resolver-3" daemon [_thread_blocked, id=17404, stack(0x00007f97dcf9f000,0x00007f97dd0a0000)]
  0x00007f97fca34000 JavaThread "resolver-2" daemon [_thread_blocked, id=17403, stack(0x00007f97dd0a0000,0x00007f97dd1a1000)]
  0x00007f97fca32000 JavaThread "resolver-1" daemon [_thread_blocked, id=17402, stack(0x00007f97dd1a1000,0x00007f97dd2a2000)]
  0x00007f97fc0ca000 JavaThread "Service Thread" daemon [_thread_blocked, id=17390, stack(0x00007f97de32b000,0x00007f97de42c000)]
  0x00007f97fc0be800 JavaThread "C1 CompilerThread2" daemon [_thread_blocked, id=17389, stack(0x00007f97de42c000,0x00007f97de52d000)]
  0x00007f97fc0bd000 JavaThread "C2 CompilerThread1" daemon [_thread_blocked, id=17388, stack(0x00007f97de52d000,0x00007f97de62e000)]
  0x00007f97fc0ba000 JavaThread "C2 CompilerThread0" daemon [_thread_blocked, id=17387, stack(0x00007f97de62e000,0x00007f97de72f000)]
  0x00007f97fc0b8800 JavaThread "Signal Dispatcher" daemon [_thread_blocked, id=17386, stack(0x00007f97de72f000,0x00007f97de830000)]
  0x00007f97fc084800 JavaThread "Finalizer" daemon [_thread_blocked, id=17385, stack(0x00007f97df1f2000,0x00007f97df2f3000)]
  0x00007f97fc082000 JavaThread "Reference Handler" daemon [_thread_blocked, id=17384, stack(0x00007f97df2f3000,0x00007f97df3f4000)]
  0x00007f97fc00a800 JavaThread "main" [_thread_blocked, id=17378, stack(0x00007f980360c000,0x00007f980370d000)]

Other Threads:
  0x00007f97fc078800 VMThread [stack: 0x00007f97df3f4000,0x00007f97df4f5000] [id=17383]
  0x00007f97fc0cf000 WatcherThread [stack: 0x00007f97de22a000,0x00007f97de32b000] [id=17391]

=>0x00007f97fc023800 (exited) GCTaskThread [stack: 0x00007f97ec99c000,0x00007f97eca9d000] [id=17381]

VM state:at safepoint (normal execution)

VM Mutex/Monitor currently owned by a thread:  ([mutex/lock_event])
[0x00007f97fc006d40] Threads_lock - owner thread: 0x00007f97fc078800
[0x00007f97fc007240] Heap_lock - owner thread: 0x00007f97fc0be800
[0x00007f97fc0077c0] MethodData_lock - owner thread: 0x00007f97fc0be800

Heap:
 PSYoungGen      total 115200K, used 79572K [0x00000000dc000000, 0x00000000e3500000, 0x0000000100000000)
  eden space 110592K, 67% used [0x00000000dc000000,0x00000000e09392e8,0x00000000e2c00000)
  from space 4608K, 99% used [0x00000000e3080000,0x00000000e34fc030,0x00000000e3500000)
  to   space 4608K, 99% used [0x00000000e2c00000,0x00000000e3079c70,0x00000000e3080000)
 ParOldGen       total 73728K, used 10042K [0x0000000094000000, 0x0000000098800000, 0x00000000dc000000)
  object space 73728K, 13% used [0x0000000094000000,0x00000000949ce958,0x0000000098800000)
 Metaspace       used 20451K, capacity 21044K, committed 21296K, reserved 1069056K
  class space    used 2393K, capacity 2571K, committed 2688K, reserved 1048576K

Card table byte_map: [0x00007f97ecc9f000,0x00007f97ed000000] byte_map_base: 0x00007f97ec7ff000

Marking Bits: (ParMarkBitMap*) 0x00007f9802aa40a0
 Begin Bits: [0x00007f97e4a00000, 0x00007f97e6500000)
 End Bits:   [0x00007f97e6500000, 0x00007f97e8000000)

Polling page: 0x00007f980360b000

CodeCache: size=245760Kb used=11459Kb max_used=11474Kb free=234300Kb
 bounds [0x00007f97ed000000, 0x00007f97edb40000, 0x00007f97fc000000]
 total_blobs=3806 nmethods=3438 adapters=281
 compilation: enabled

Compilation events (10 events):
Event: 16.374 Thread 0x00007f97fc0be800 3437       1       org.apache.maven.plugin.surefire.booterclient.ForkStarter::access$900 (5 bytes)
Event: 16.375 Thread 0x00007f97fc0be800 nmethod 3437 0x00007f97edb24490 code [0x00007f97edb245e0, 0x00007f97edb246d0]
Event: 19.757 Thread 0x00007f97fc0ba000 3438       4       org.codehaus.plexus.classworlds.realm.Entry::matches (282 bytes)
Event: 19.761 Thread 0x00007f97fc0be800 3439       3       sun.nio.cs.UTF_8$Encoder::encodeArrayLoop (489 bytes)
Event: 19.761 Thread 0x00007f97fc0bd000 3445       4       java.nio.ByteBuffer::hasArray (20 bytes)
Event: 19.762 Thread 0x00007f97fc0bd000 nmethod 3445 0x00007f97edb21590 code [0x00007f97edb216e0, 0x00007f97edb21778]
Event: 19.762 Thread 0x00007f97fc0bd000 3446       4       java.nio.CharBuffer::hasArray (20 bytes)
Event: 19.762 Thread 0x00007f97fc0bd000 nmethod 3446 0x00007f97edb21310 code [0x00007f97edb21460, 0x00007f97edb214f8]
Event: 19.762 Thread 0x00007f97fc0bd000 3447       4       java.nio.charset.CoderResult::isOverflow (14 bytes)
Event: 19.762 Thread 0x00007f97fc0bd000 nmethod 3447 0x00007f97edb1ab90 code [0x00007f97edb1ace0, 0x00007f97edb1ad58]

GC Heap History (9 events):
Event: 0.657 GC heap before
{Heap before GC invocations=1 (full 0):
 PSYoungGen      total 32256K, used 27648K [0x00000000dc000000, 0x00000000de400000, 0x0000000100000000)
  eden space 27648K, 100% used [0x00000000dc000000,0x00000000ddb00000,0x00000000ddb00000)
  from space 4608K, 0% used [0x00000000ddf80000,0x00000000ddf80000,0x00000000de400000)
  to   space 4608K, 0% used [0x00000000ddb00000,0x00000000ddb00000,0x00000000ddf80000)
 ParOldGen       total 73728K, used 0K [0x0000000094000000, 0x0000000098800000, 0x00000000dc000000)
  object space 73728K, 0% used [0x0000000094000000,0x0000000094000000,0x0000000098800000)
 Metaspace       used 7777K, capacity 7932K, committed 8064K, reserved 1056768K
  class space    used 975K, capacity 1048K, committed 1152K, reserved 1048576K
Event: 0.665 GC heap after
Heap after GC invocations=1 (full 0):
 PSYoungGen      total 32256K, used 4598K [0x00000000dc000000, 0x00000000dff00000, 0x0000000100000000)
  eden space 27648K, 0% used [0x00000000dc000000,0x00000000dc000000,0x00000000ddb00000)
  from space 4608K, 99% used [0x00000000ddb00000,0x00000000ddf7dbd0,0x00000000ddf80000)
  to   space 4608K, 0% used [0x00000000dfa80000,0x00000000dfa80000,0x00000000dff00000)
 ParOldGen       total 73728K, used 16K [0x0000000094000000, 0x0000000098800000, 0x00000000dc000000)
  object space 73728K, 0% used [0x0000000094000000,0x0000000094004000,0x0000000098800000)
 Metaspace       used 7777K, capacity 7932K, committed 8064K, reserved 1056768K
  class space    used 975K, capacity 1048K, committed 1152K, reserved 1048576K
}
Event: 1.043 GC heap before
{Heap before GC invocations=2 (full 0):
 PSYoungGen      total 32256K, used 32246K [0x00000000dc000000, 0x00000000dff00000, 0x0000000100000000)
  eden space 27648K, 100% used [0x00000000dc000000,0x00000000ddb00000,0x00000000ddb00000)
  from space 4608K, 99% used [0x00000000ddb00000,0x00000000ddf7dbd0,0x00000000ddf80000)
  to   space 4608K, 0% used [0x00000000dfa80000,0x00000000dfa80000,0x00000000dff00000)
 ParOldGen       total 73728K, used 16K [0x0000000094000000, 0x0000000098800000, 0x00000000dc000000)
  object space 73728K, 0% used [0x0000000094000000,0x0000000094004000,0x0000000098800000)
 Metaspace       used 11153K, capacity 11330K, committed 11520K, reserved 1058816K
  class space    used 1402K, capacity 1475K, committed 1536K, reserved 1048576K
Event: 1.052 GC heap after
Heap after GC invocations=2 (full 0):
 PSYoungGen      total 59904K, used 4600K [0x00000000dc000000, 0x00000000dff00000, 0x0000000100000000)
  eden space 55296K, 0% used [0x00000000dc000000,0x00000000dc000000,0x00000000df600000)
  from space 4608K, 99% used [0x00000000dfa80000,0x00000000dfefe160,0x00000000dff00000)
  to   space 4608K, 0% used [0x00000000df600000,0x00000000df600000,0x00000000dfa80000)
 ParOldGen       total 73728K, used 1771K [0x0000000094000000, 0x0000000098800000, 0x00000000dc000000)
  object space 73728K, 2% used [0x0000000094000000,0x00000000941bad10,0x0000000098800000)
 Metaspace       used 11153K, capacity 11330K, committed 11520K, reserved 1058816K
  class space    used 1402K, capacity 1475K, committed 1536K, reserved 1048576K
}
Event: 2.209 GC heap before
{Heap before GC invocations=3 (full 0):
 PSYoungGen      total 59904K, used 59896K [0x00000000dc000000, 0x00000000dff00000, 0x0000000100000000)
  eden space 55296K, 100% used [0x00000000dc000000,0x00000000df600000,0x00000000df600000)
  from space 4608K, 99% used [0x00000000dfa80000,0x00000000dfefe160,0x00000000dff00000)
  to   space 4608K, 0% used [0x00000000df600000,0x00000000df600000,0x00000000dfa80000)
 ParOldGen       total 73728K, used 1771K [0x0000000094000000, 0x0000000098800000, 0x00000000dc000000)
  object space 73728K, 2% used [0x0000000094000000,0x00000000941bad10,0x0000000098800000)
 Metaspace       used 16265K, capacity 16548K, committed 16768K, reserved 1064960K
  class space    used 1980K, capacity 2068K, committed 2176K, reserved 1048576K
Event: 2.224 GC heap after
Heap after GC invocations=3 (full 0):
 PSYoungGen      total 59904K, used 4576K [0x00000000dc000000, 0x00000000e3500000, 0x0000000100000000)
  eden space 55296K, 0% used [0x00000000dc000000,0x00000000dc000000,0x00000000df600000)
  from space 4608K, 99% used [0x00000000df600000,0x00000000dfa78020,0x00000000dfa80000)
  to   space 4608K, 0% used [0x00000000e3080000,0x00000000e3080000,0x00000000e3500000)
 ParOldGen       total 73728K, used 5167K [0x0000000094000000, 0x0000000098800000, 0x00000000dc000000)
  object space 73728K, 7% used [0x0000000094000000,0x000000009450be10,0x0000000098800000)
 Metaspace       used 16265K, capacity 16548K, committed 16768K, reserved 1064960K
  class space    used 1980K, capacity 2068K, committed 2176K, reserved 1048576K
}
Event: 2.855 GC heap before
{Heap before GC invocations=4 (full 0):
 PSYoungGen      total 59904K, used 59872K [0x00000000dc000000, 0x00000000e3500000, 0x0000000100000000)
  eden space 55296K, 100% used [0x00000000dc000000,0x00000000df600000,0x00000000df600000)
  from space 4608K, 99% used [0x00000000df600000,0x00000000dfa78020,0x00000000dfa80000)
  to   space 4608K, 0% used [0x00000000e3080000,0x00000000e3080000,0x00000000e3500000)
 ParOldGen       total 73728K, used 5167K [0x0000000094000000, 0x0000000098800000, 0x00000000dc000000)
  object space 73728K, 7% used [0x0000000094000000,0x000000009450be10,0x0000000098800000)
 Metaspace       used 17670K, capacity 18058K, committed 18432K, reserved 1064960K
  class space    used 2112K, capacity 2224K, committed 2304K, reserved 1048576K
Event: 2.873 GC heap after
Heap after GC invocations=4 (full 0):
 PSYoungGen      total 115200K, used 4592K [0x00000000dc000000, 0x00000000e3500000, 0x0000000100000000)
  eden space 110592K, 0% used [0x00000000dc000000,0x00000000dc000000,0x00000000e2c00000)
  from space 4608K, 99% used [0x00000000e3080000,0x00000000e34fc030,0x00000000e3500000)
  to   space 4608K, 0% used [0x00000000e2c00000,0x00000000e2c00000,0x00000000e3080000)
 ParOldGen       total 73728K, used 8717K [0x0000000094000000, 0x0000000098800000, 0x00000000dc000000)
  object space 73728K, 11% used [0x0000000094000000,0x00000000948835c0,0x0000000098800000)
 Metaspace       used 17670K, capacity 18058K, committed 18432K, reserved 1064960K
  class space    used 2112K, capacity 2224K, committed 2304K, reserved 1048576K
}
Event: 19.765 GC heap before
{Heap before GC invocations=5 (full 0):
 PSYoungGen      total 115200K, used 79572K [0x00000000dc000000, 0x00000000e3500000, 0x0000000100000000)
  eden space 110592K, 67% used [0x00000000dc000000,0x00000000e09392e8,0x00000000e2c00000)
  from space 4608K, 99% used [0x00000000e3080000,0x00000000e34fc030,0x00000000e3500000)
  to   space 4608K, 0% used [0x00000000e2c00000,0x00000000e2c00000,0x00000000e3080000)
 ParOldGen       total 73728K, used 8717K [0x0000000094000000, 0x0000000098800000, 0x00000000dc000000)
  object space 73728K, 11% used [0x0000000094000000,0x00000000948835c0,0x0000000098800000)
 Metaspace       used 20451K, capacity 21044K, committed 21296K, reserved 1069056K
  class space    used 2393K, capacity 2571K, committed 2688K, reserved 1048576K

Deoptimization events (10 events):
Event: 3.469 Thread 0x00007f97fc00a800 Uncommon trap: reason=class_check action=maybe_recompile pc=0x00007f97ed882a00 method=java.util.Collections$UnmodifiableMap$UnmodifiableEntrySet$UnmodifiableEntry.getValue()Ljava/lang/Object; @ 4
Event: 3.469 Thread 0x00007f97fc00a800 Uncommon trap: reason=class_check action=maybe_recompile pc=0x00007f97ed88188c method=java.util.Collections$UnmodifiableMap$UnmodifiableEntrySet$1.hasNext()Z @ 4
Event: 3.469 Thread 0x00007f97fc00a800 Uncommon trap: reason=class_check action=maybe_recompile pc=0x00007f97ed883bc4 method=java.util.Collections$UnmodifiableMap$UnmodifiableEntrySet$1.next()Ljava/util/Map$Entry; @ 8
Event: 3.469 Thread 0x00007f97fc00a800 Uncommon trap: reason=class_check action=maybe_recompile pc=0x00007f97ed882c80 method=java.util.Collections$UnmodifiableMap$UnmodifiableEntrySet$UnmodifiableEntry.getKey()Ljava/lang/Object; @ 4
Event: 3.469 Thread 0x00007f97fc00a800 Uncommon trap: reason=class_check action=maybe_recompile pc=0x00007f97ed882a00 method=java.util.Collections$UnmodifiableMap$UnmodifiableEntrySet$UnmodifiableEntry.getValue()Ljava/lang/Object; @ 4
Event: 3.916 Thread 0x00007f97fca6d800 Uncommon trap: reason=unstable_if action=reinterpret pc=0x00007f97ed7577b0 method=java.nio.charset.CharsetDecoder.decode(Ljava/nio/ByteBuffer;Ljava/nio/CharBuffer;Z)Ljava/nio/charset/CoderResult; @ 1
Event: 19.759 Thread 0x00007f97fca6d800 Uncommon trap: reason=bimorphic action=maybe_recompile pc=0x00007f97edad2c54 method=java.util.Collections$UnmodifiableMap$UnmodifiableEntrySet$UnmodifiableEntry.getKey()Ljava/lang/Object; @ 4
Event: 19.759 Thread 0x00007f97fca6d800 Uncommon trap: reason=bimorphic action=maybe_recompile pc=0x00007f97edad2c54 method=java.util.Collections$UnmodifiableMap$UnmodifiableEntrySet$UnmodifiableEntry.getKey()Ljava/lang/Object; @ 4
Event: 19.759 Thread 0x00007f97fca6d800 Uncommon trap: reason=bimorphic action=maybe_recompile pc=0x00007f97edad2c54 method=java.util.Collections$UnmodifiableMap$UnmodifiableEntrySet$UnmodifiableEntry.getKey()Ljava/lang/Object; @ 4
Event: 19.760 Thread 0x00007f97fca6d800 Uncommon trap: reason=bimorphic action=maybe_recompile pc=0x00007f97edad2c54 method=java.util.Collections$UnmodifiableMap$UnmodifiableEntrySet$UnmodifiableEntry.getKey()Ljava/lang/Object; @ 4

Classes redefined (0 events):
No events

Internal exceptions (10 events):
Event: 1.824 Thread 0x00007f97fc00a800 Exception <a 'java/lang/NullPointerException'> (0x00000000de5edd38) thrown at [/HUDSON/workspace/8-2-build-linux-amd64/jdk8u181/11358/hotspot/src/share/vm/interpreter/linkResolver.cpp, line 1185]
Event: 1.824 Thread 0x00007f97fc00a800 Exception <a 'java/lang/NullPointerException'> (0x00000000de5edf50) thrown at [/HUDSON/workspace/8-2-build-linux-amd64/jdk8u181/11358/hotspot/src/share/vm/interpreter/linkResolver.cpp, line 1185]
Event: 1.824 Thread 0x00007f97fc00a800 Exception <a 'java/lang/NullPointerException'> (0x00000000de5ee168) thrown at [/HUDSON/workspace/8-2-build-linux-amd64/jdk8u181/11358/hotspot/src/share/vm/interpreter/linkResolver.cpp, line 1185]
Event: 2.102 Thread 0x00007f97fc00a800 Implicit null exception at 0x00007f97ed363135 to 0x00007f97ed36331d
Event: 2.103 Thread 0x00007f97fc00a800 Implicit null exception at 0x00007f97ed2bee2f to 0x00007f97ed2bee99
Event: 2.196 Thread 0x00007f97fc00a800 Implicit null exception at 0x00007f97ed707307 to 0x00007f97ed707ddd
Event: 3.079 Thread 0x00007f97fc00a800 Exception <a 'java/lang/NoSuchMethodError': org.apache.maven.execution.MavenExecutionRequest.getFailureBehavior()Ljava/lang/String;> (0x00000000dd52f408) thrown at [/HUDSON/workspace/8-2-build-linux-amd64/jdk8u181/11358/hotspot/src/share/vm/interpreter/li
Event: 3.174 Thread 0x00007f97fc00a800 Implicit null exception at 0x00007f97eda10385 to 0x00007f97eda10cf5
Event: 3.542 Thread 0x00007f97fc00a800 Exception <a 'java/lang/NoSuchFieldError': method resolution failed> (0x00000000e01842b0) thrown at [/HUDSON/workspace/8-2-build-linux-amd64/jdk8u181/11358/hotspot/src/share/vm/prims/methodHandles.cpp, line 1167]
Event: 3.550 Thread 0x00007f97fc00a800 Exception <a 'java/lang/NoSuchFieldError': method resolution failed> (0x00000000e0191970) thrown at [/HUDSON/workspace/8-2-build-linux-amd64/jdk8u181/11358/hotspot/src/share/vm/prims/methodHandles.cpp, line 1167]

Events (10 events):
Event: 19.759 Thread 0x00007f97fca6d800 Uncommon trap: trap_request=0xffffffc6 fr.pc=0x00007f97edad2c54
Event: 19.759 Thread 0x00007f97fca6d800 DEOPT PACKING pc=0x00007f97edad2c54 sp=0x00007f97dcb99550
Event: 19.759 Thread 0x00007f97fca6d800 DEOPT UNPACKING pc=0x00007f97ed04573a sp=0x00007f97dcb99508 mode 2
Event: 19.759 Thread 0x00007f97fca6d800 Uncommon trap: trap_request=0xffffffc6 fr.pc=0x00007f97edad2c54
Event: 19.759 Thread 0x00007f97fca6d800 DEOPT PACKING pc=0x00007f97edad2c54 sp=0x00007f97dcb99550
Event: 19.759 Thread 0x00007f97fca6d800 DEOPT UNPACKING pc=0x00007f97ed04573a sp=0x00007f97dcb99508 mode 2
Event: 19.759 Thread 0x00007f97fca6d800 Uncommon trap: trap_request=0xffffffc6 fr.pc=0x00007f97edad2c54
Event: 19.760 Thread 0x00007f97fca6d800 DEOPT PACKING pc=0x00007f97edad2c54 sp=0x00007f97dcb99550
Event: 19.760 Thread 0x00007f97fca6d800 DEOPT UNPACKING pc=0x00007f97ed04573a sp=0x00007f97dcb99508 mode 2
Event: 19.765 Executing VM operation: CollectForMetadataAllocation


Dynamic libraries:
00400000-00401000 r-xp 00000000 08:11 1445010                            /usr/lib/jvm/java-8-oracle/bin/java
00600000-00601000 rw-p 00000000 08:11 1445010                            /usr/lib/jvm/java-8-oracle/bin/java
00bb2000-00bd3000 rw-p 00000000 00:00 0                                  [heap]
94000000-98800000 rw-p 00000000 00:00 0 
98800000-dc000000 ---p 00000000 00:00 0 
dc000000-e3500000 rw-p 00000000 00:00 0 
e3500000-100000000 ---p 00000000 00:00 0 
100000000-1002a0000 rw-p 00000000 00:00 0 
1002a0000-140000000 ---p 00000000 00:00 0 
7f9778000000-7f9778021000 rw-p 00000000 00:00 0 
7f9778021000-7f977c000000 ---p 00000000 00:00 0 
7f9780000000-7f9780021000 rw-p 00000000 00:00 0 
7f9780021000-7f9784000000 ---p 00000000 00:00 0 
7f9784000000-7f9784021000 rw-p 00000000 00:00 0 
7f9784021000-7f9788000000 ---p 00000000 00:00 0 
7f9788000000-7f9788033000 rw-p 00000000 00:00 0 
7f9788033000-7f978c000000 ---p 00000000 00:00 0 
7f978c000000-7f978c021000 rw-p 00000000 00:00 0 
7f978c021000-7f9790000000 ---p 00000000 00:00 0 
7f9790000000-7f9790021000 rw-p 00000000 00:00 0 
7f9790021000-7f9794000000 ---p 00000000 00:00 0 
7f9794000000-7f9794021000 rw-p 00000000 00:00 0 
7f9794021000-7f9798000000 ---p 00000000 00:00 0 
7f9798000000-7f9798021000 rw-p 00000000 00:00 0 
7f9798021000-7f979c000000 ---p 00000000 00:00 0 
7f979c000000-7f979c021000 rw-p 00000000 00:00 0 
7f979c021000-7f97a0000000 ---p 00000000 00:00 0 
7f97a0000000-7f97a0021000 rw-p 00000000 00:00 0 
7f97a0021000-7f97a4000000 ---p 00000000 00:00 0 
7f97a4000000-7f97a4021000 rw-p 00000000 00:00 0 
7f97a4021000-7f97a8000000 ---p 00000000 00:00 0 
7f97a8000000-7f97a8021000 rw-p 00000000 00:00 0 
7f97a8021000-7f97ac000000 ---p 00000000 00:00 0 
7f97acfff000-7f97b0000000 rw-p 00000000 00:00 0 
7f97b0000000-7f97b0021000 rw-p 00000000 00:00 0 
7f97b0021000-7f97b4000000 ---p 00000000 00:00 0 
7f97b4000000-7f97b4021000 rw-p 00000000 00:00 0 
7f97b4021000-7f97b8000000 ---p 00000000 00:00 0 
7f97b8000000-7f97b89f9000 rw-p 00000000 00:00 0 
7f97b89f9000-7f97bc000000 ---p 00000000 00:00 0 
7f97bc000000-7f97bc756000 rw-p 00000000 00:00 0 
7f97bc756000-7f97c0000000 ---p 00000000 00:00 0 
7f97c0000000-7f97c0021000 rw-p 00000000 00:00 0 
7f97c0021000-7f97c4000000 ---p 00000000 00:00 0 
7f97c4000000-7f97c45c8000 rw-p 00000000 00:00 0 
7f97c45c8000-7f97c8000000 ---p 00000000 00:00 0 
7f97c8000000-7f97c8021000 rw-p 00000000 00:00 0 
7f97c8021000-7f97cc000000 ---p 00000000 00:00 0 
7f97cc000000-7f97cc021000 rw-p 00000000 00:00 0 
7f97cc021000-7f97d0000000 ---p 00000000 00:00 0 
7f97d0000000-7f97d0021000 rw-p 00000000 00:00 0 
7f97d0021000-7f97d4000000 ---p 00000000 00:00 0 
7f97d4000000-7f97d4021000 rw-p 00000000 00:00 0 
7f97d4021000-7f97d8000000 ---p 00000000 00:00 0 
7f97d8000000-7f97d8021000 rw-p 00000000 00:00 0 
7f97d8021000-7f97dc000000 ---p 00000000 00:00 0 
7f97dc55e000-7f97dc58a000 rw-p 00000000 00:00 0 
7f97dc58a000-7f97dc75e000 ---p 00000000 00:00 0 
7f97dc75e000-7f97dc761000 ---p 00000000 00:00 0 
7f97dc761000-7f97dc85f000 rw-p 00000000 00:00 0 
7f97dc85f000-7f97dc862000 ---p 00000000 00:00 0 
7f97dc862000-7f97dc960000 rw-p 00000000 00:00 0 
7f97dc960000-7f97dc963000 ---p 00000000 00:00 0 
7f97dc963000-7f97dca61000 rw-p 00000000 00:00 0 
7f97dca61000-7f97dca64000 ---p 00000000 00:00 0 
7f97dca64000-7f97dca9a000 rw-p 00000000 00:00 0 
7f97dca9a000-7f97dca9d000 ---p 00000000 00:00 0 
7f97dca9d000-7f97dcb9b000 rw-p 00000000 00:00 0 
7f97dcb9b000-7f97dcb9e000 ---p 00000000 00:00 0 
7f97dcb9e000-7f97dcc9c000 rw-p 00000000 00:00 0 
7f97dcc9c000-7f97dcc9f000 ---p 00000000 00:00 0 
7f97dcc9f000-7f97dcd9d000 rw-p 00000000 00:00 0 
7f97dcd9d000-7f97dcda0000 ---p 00000000 00:00 0 
7f97dcda0000-7f97dce9e000 rw-p 00000000 00:00 0 
7f97dce9e000-7f97dcea1000 ---p 00000000 00:00 0 
7f97dcea1000-7f97dcf9f000 rw-p 00000000 00:00 0 
7f97dcf9f000-7f97dcfa2000 ---p 00000000 00:00 0 
7f97dcfa2000-7f97dd0a0000 rw-p 00000000 00:00 0 
7f97dd0a0000-7f97dd0a3000 ---p 00000000 00:00 0 
7f97dd0a3000-7f97dd1a1000 rw-p 00000000 00:00 0 
7f97dd1a1000-7f97dd1a4000 ---p 00000000 00:00 0 
7f97dd1a4000-7f97dd4a2000 rw-p 00000000 00:00 0 
7f97dd4a2000-7f97dd4a3000 r--s 00002000 08:11 5773940                    /home/luncert/.m2/repository/org/apache/maven/reporting/maven-reporting-api/3.0/maven-reporting-api-3.0.jar
7f97dd4a3000-7f97dd4a5000 r--s 00003000 08:11 534366                     /home/luncert/.m2/repository/org/slf4j/jcl-over-slf4j/1.5.6/jcl-over-slf4j-1.5.6.jar
7f97dd4a9000-7f97dd4ab000 r--s 00001000 08:11 534364                     /home/luncert/.m2/repository/org/slf4j/slf4j-jdk14/1.5.6/slf4j-jdk14-1.5.6.jar
7f97dd4ab000-7f97dd4ad000 r--s 0000b000 08:11 534261                     /home/luncert/.m2/repository/org/codehaus/plexus/plexus-interpolation/1.11/plexus-interpolation-1.11.jar
7f97dd4b1000-7f97dd4b9000 r--s 00049000 08:11 5905281                    /home/luncert/.m2/repository/backport-util-concurrent/backport-util-concurrent/3.1/backport-util-concurrent-3.1.jar
7f97dd4b9000-7f97dd4bb000 r--s 00009000 08:11 533739                     /home/luncert/.m2/repository/org/hamcrest/hamcrest-core/1.3/hamcrest-core-1.3.jar
7f97dd4bd000-7f97dd4c5000 r--s 00045000 08:11 533727                     /home/luncert/.m2/repository/junit/junit/4.12/junit-4.12.jar
7f97dd4cc000-7f97dd4d0000 r--s 00034000 08:11 534358                     /home/luncert/.m2/repository/org/codehaus/plexus/plexus-utils/1.5.15/plexus-utils-1.5.15.jar
7f97dd4d5000-7f97dd4da000 r--s 0003d000 08:11 536372                     /home/luncert/.m2/repository/org/apache/maven/surefire/surefire-booter/2.20.1/surefire-booter-2.20.1.jar
7f97dd4da000-7f97dd4dc000 r--s 00002000 08:11 536370                     /home/luncert/.m2/repository/org/apache/maven/surefire/surefire-logger-api/2.20.1/surefire-logger-api-2.20.1.jar
7f97dd4e0000-7f97dd4e5000 r--s 00028000 08:11 536368                     /home/luncert/.m2/repository/org/apache/maven/surefire/surefire-api/2.20.1/surefire-api-2.20.1.jar
7f97dd4ea000-7f97dd4ec000 r--s 00002000 08:11 536366                     /home/luncert/.m2/repository/org/apache/maven/plugin-tools/maven-plugin-annotations/3.3/maven-plugin-annotations-3.3.jar
7f97dd4ec000-7f97dd4f5000 r--s 00074000 08:11 536364                     /home/luncert/.m2/repository/org/apache/maven/surefire/maven-surefire-common/2.20.1/maven-surefire-common-2.20.1.jar
7f97dd4f9000-7f97dd4fa000 r--s 00009000 08:11 5906029                    /home/luncert/.m2/repository/org/apache/maven/plugins/maven-surefire-plugin/2.20.1/maven-surefire-plugin-2.20.1.jar
7f97dd4fc000-7f97dd4fd000 r--s 00004000 08:11 533216                     /home/luncert/.m2/repository/org/codehaus/plexus/plexus-compiler-javac/2.8.2/plexus-compiler-javac-2.8.2.jar
7f97dd500000-7f97dd502000 r--s 00000000 08:11 533214                     /home/luncert/.m2/repository/org/codehaus/plexus/plexus-compiler-manager/2.8.2/plexus-compiler-manager-2.8.2.jar
7f97dd505000-7f97dd507000 r--s 00005000 08:11 533212                     /home/luncert/.m2/repository/org/codehaus/plexus/plexus-compiler-api/2.8.2/plexus-compiler-api-2.8.2.jar
7f97dd507000-7f97dd50d000 r--s 00047000 08:11 5773700                    /home/luncert/.m2/repository/com/thoughtworks/qdox/qdox/2.0-M7/qdox-2.0-M7.jar
7f97dd50d000-7f97dd50e000 r--s 0000d000 08:11 533210                     /home/luncert/.m2/repository/org/ow2/asm/asm/6.0_BETA/asm-6.0_BETA.jar
7f97dd50e000-7f97dd510000 r--s 00006000 08:11 404202                     /home/luncert/.m2/repository/org/codehaus/plexus/plexus-java/0.9.2/plexus-java-0.9.2.jar
7f97dd512000-7f97dd514000 r--s 00002000 08:11 533208                     /home/luncert/.m2/repository/org/apache/maven/shared/maven-shared-incremental/1.1/maven-shared-incremental-1.1.jar
7f97dd515000-7f97dd518000 r--s 00025000 08:11 533206                     /home/luncert/.m2/repository/org/apache/maven/shared/maven-shared-utils/3.1.0/maven-shared-utils-3.1.0.jar
7f97dd51d000-7f97dd51f000 r--s 0000d000 08:11 6560035                    /home/luncert/.m2/repository/org/codehaus/plexus/plexus-interpolation/1.14/plexus-interpolation-1.14.jar
7f97dd523000-7f97dd527000 r--s 00033000 08:11 6163405                    /home/luncert/.m2/repository/org/codehaus/plexus/plexus-utils/2.0.4/plexus-utils-2.0.4.jar
7f97dd52d000-7f97dd52f000 r--s 0000d000 08:11 5773685                    /home/luncert/.m2/repository/org/apache/maven/plugins/maven-compiler-plugin/3.7.0/maven-compiler-plugin-3.7.0.jar
7f97dd531000-7f97dd534000 r--s 00011000 08:11 6426250                    /home/luncert/.m2/repository/org/codehaus/plexus/plexus-interpolation/1.24/plexus-interpolation-1.24.jar
7f97dd537000-7f97dd53b000 r--s 0002f000 08:11 5506268                    /home/luncert/.m2/repository/commons-io/commons-io/2.5/commons-io-2.5.jar
7f97dd541000-7f97dd543000 r--s 00001000 08:11 6688694                    /home/luncert/.m2/repository/org/sonatype/plexus/plexus-build-api/0.0.7/plexus-build-api-0.0.7.jar
7f97dd546000-7f97dd548000 r--s 00006000 08:11 5263247                    /home/luncert/.m2/repository/com/google/code/findbugs/jsr305/2.0.1/jsr305-2.0.1.jar
7f97dd54b000-7f97dd54e000 r--s 00023000 08:11 533821                     /home/luncert/.m2/repository/org/apache/maven/shared/maven-shared-utils/3.0.0/maven-shared-utils-3.0.0.jar
7f97dd553000-7f97dd555000 r--s 0000b000 08:11 533817                     /home/luncert/.m2/repository/org/apache/maven/shared/maven-filtering/3.1.1/maven-filtering-3.1.1.jar
7f97dd559000-7f97dd55d000 r--s 00039000 08:11 533815                     /home/luncert/.m2/repository/org/codehaus/plexus/plexus-utils/3.0.24/plexus-utils-3.0.24.jar
7f97dd562000-7f97dd564000 r--s 00002000 08:11 6688678                    /home/luncert/.m2/repository/org/sonatype/plexus/plexus-cipher/1.4/plexus-cipher-1.4.jar
7f97dd566000-7f97dd567000 r--s 00006000 08:11 6560037                    /home/luncert/.m2/repository/org/sonatype/plexus/plexus-sec-dispatcher/1.3/plexus-sec-dispatcher-1.3.jar
7f97dd568000-7f97dd56a000 r--s 00000000 08:11 6298971                    /home/luncert/.m2/repository/org/codehaus/plexus/plexus-component-annotations/1.6/plexus-component-annotations-1.6.jar
7f97dd56f000-7f97dd573000 r--s 00017000 08:11 533204                     /home/luncert/.m2/repository/org/sonatype/aether/aether-util/1.7/aether-util-1.7.jar
7f97dd579000-7f97dd584000 r--s 00069000 08:11 6425318                    /home/luncert/.m2/repository/org/sonatype/sisu/sisu-guice/2.1.7/sisu-guice-2.1.7-noaop.jar
7f97dd589000-7f97dd58e000 r--s 00021000 08:11 6425316                    /home/luncert/.m2/repository/org/sonatype/sisu/sisu-inject-bean/1.4.2/sisu-inject-bean-1.4.2.jar
7f97dd58f000-7f97dd590000 r--s 00007000 08:11 5642324                    /home/luncert/.m2/repository/org/apache/maven/plugins/maven-resources-plugin/3.0.2/maven-resources-plugin-3.0.2.jar
7f97dd590000-7f97dd790000 rw-p 00000000 00:00 0 
7f97dd790000-7f97dd7a1000 r-xp 00000000 08:11 1982079                    /usr/lib/jvm/java-8-oracle/jre/lib/amd64/libnio.so
7f97dd7a1000-7f97dd9a0000 ---p 00011000 08:11 1982079                    /usr/lib/jvm/java-8-oracle/jre/lib/amd64/libnio.so
7f97dd9a0000-7f97dd9a1000 rw-p 00010000 08:11 1982079                    /usr/lib/jvm/java-8-oracle/jre/lib/amd64/libnio.so
7f97dd9a8000-7f97dd9be000 r-xp 00000000 08:11 1982076                    /usr/lib/jvm/java-8-oracle/jre/lib/amd64/libnet.so
7f97dd9be000-7f97ddbbe000 ---p 00016000 08:11 1982076                    /usr/lib/jvm/java-8-oracle/jre/lib/amd64/libnet.so
7f97ddbbe000-7f97ddbbf000 rw-p 00016000 08:11 1982076                    /usr/lib/jvm/java-8-oracle/jre/lib/amd64/libnet.so
7f97ddbc5000-7f97ddbca000 r--s 0009d000 08:11 1982021                    /usr/lib/jvm/java-8-oracle/jre/lib/jsse.jar
7f97ddbcf000-7f97dddcf000 rw-p 00000000 00:00 0 
7f97dddcf000-7f97ddfcf000 rw-p 00000000 00:00 0 
7f97ddfcf000-7f97de1cf000 rw-p 00000000 00:00 0 
7f97de1cf000-7f97de200000 r--s 00207000 08:11 1847921                    /usr/share/java/wagon-http-shaded-2.x.jar
7f97de204000-7f97de20b000 r--s 0002c000 08:11 1847915                    /usr/share/java/sisu-plexus.jar
7f97de20d000-7f97de20f000 r--s 0000d000 08:11 1847942                    /usr/share/java/maven3-aether-provider-3.3.9.jar
7f97de212000-7f97de214000 r--s 0000a000 08:11 1847628                    /usr/share/java/commons-cli-1.3.1.jar
7f97de21a000-7f97de21c000 r--s 00002000 08:11 1847855                    /usr/share/java/plexus-cipher.jar
7f97de21c000-7f97de224000 r--s 00054000 08:11 1847913                    /usr/share/java/sisu-inject.jar
7f97de22a000-7f97de22b000 ---p 00000000 00:00 0 
7f97de22b000-7f97de32b000 rw-p 00000000 00:00 0 
7f97de32b000-7f97de32e000 ---p 00000000 00:00 0 
7f97de32e000-7f97de42c000 rw-p 00000000 00:00 0 
7f97de42c000-7f97de42f000 ---p 00000000 00:00 0 
7f97de42f000-7f97de52d000 rw-p 00000000 00:00 0 
7f97de52d000-7f97de530000 ---p 00000000 00:00 0 
7f97de530000-7f97de62e000 rw-p 00000000 00:00 0 
7f97de62e000-7f97de631000 ---p 00000000 00:00 0 
7f97de631000-7f97de72f000 rw-p 00000000 00:00 0 
7f97de72f000-7f97de732000 ---p 00000000 00:00 0 
7f97de732000-7f97de830000 rw-p 00000000 00:00 0 
7f97de830000-7f97df1ef000 r--p 00000000 08:11 1449209                    /usr/lib/locale/locale-archive
7f97df1f2000-7f97df1f5000 ---p 00000000 00:00 0 
7f97df1f5000-7f97df2f3000 rw-p 00000000 00:00 0 
7f97df2f3000-7f97df2f6000 ---p 00000000 00:00 0 
7f97df2f6000-7f97df3f4000 rw-p 00000000 00:00 0 
7f97df3f4000-7f97df3f5000 ---p 00000000 00:00 0 
7f97df3f5000-7f97e0000000 rw-p 00000000 00:00 0 
7f97e0000000-7f97e0299000 rw-p 00000000 00:00 0 
7f97e0299000-7f97e4000000 ---p 00000000 00:00 0 
7f97e4002000-7f97e4003000 r--s 0000a000 08:11 1847934                    /usr/share/java/maven3-settings-3.3.9.jar
7f97e400a000-7f97e400c000 r--s 0000a000 08:11 1847935                    /usr/share/java/maven3-plugin-api-3.3.9.jar
7f97e4012000-7f97e4015000 r--s 0000a000 08:11 1847945                    /usr/share/java/maven3-artifact-3.3.9.jar
7f97e4019000-7f97e4020000 r--s 00041000 08:11 1847936                    /usr/share/java/maven3-compat-3.3.9.jar
7f97e4021000-7f97e4022000 r--s 00001000 08:11 1847917                    /usr/share/java/wagon-file-2.x.jar
7f97e4022000-7f97e4023000 r--s 00002000 08:11 1847709                    /usr/share/java/slf4j-simple.jar
7f97e4027000-7f97e402b000 r--s 00027000 08:11 1847640                    /usr/share/java/commons-io-2.4.jar
7f97e4032000-7f97e4034000 r--s 0000a000 08:11 1847918                    /usr/share/java/wagon-provider-api-2.x.jar
7f97e4038000-7f97e4039000 r--s 00000000 08:11 1847614                    /usr/share/java/geronimo-interceptor-3.0-spec-1.0.1.jar
7f97e403a000-7f97e403c000 r--s 00012000 08:11 1859602                    /usr/share/java/el-api-3.0.jar
7f97e4040000-7f97e4041000 r--s 00000000 08:11 1847609                    /usr/share/java/atinject-jsr330-api-1.0.jar
7f97e4048000-7f97e404b000 r--s 00008000 08:11 1847620                    /usr/share/java/cdi-api-1.0.jar
7f97e4051000-7f97e4053000 r--s 00001000 08:11 1847944                    /usr/share/java/maven3-builder-support-3.3.9.jar
7f97e4055000-7f97e405c000 r--s 0005d000 08:11 1847644                    /usr/share/java/commons-lang3.jar
7f97e4060000-7f97e4064000 r--s 00038000 08:11 1847901                    /usr/share/java/plexus-utils2.jar
7f97e4068000-7f97e406c000 r--s 00020000 08:11 1847793                    /usr/share/java/eclipse-aether-util.jar
7f97e406e000-7f97e406f000 r--s 00006000 08:11 1847938                    /usr/share/java/maven3-repository-metadata-3.3.9.jar
7f97e4073000-7f97e4075000 r--s 00013000 08:11 1847940                    /usr/share/java/maven3-embedder-3.3.9.jar
7f97e4077000-7f97e4079000 r--s 00027000 08:11 1847941                    /usr/share/java/maven3-model-3.3.9.jar
7f97e4079000-7f97e407b000 r--s 00001000 08:11 1847804                    /usr/share/java/aopalliance-1.0.jar
7f97e407d000-7f97e408b000 r--s 00095000 08:11 1847809                    /usr/share/java/guice.jar
7f97e408d000-7f97e409a000 r--s 0008d000 08:11 1847937                    /usr/share/java/maven3-core-3.3.9.jar
7f97e409c000-7f97e409d000 r--s 00004000 08:11 1847608                    /usr/share/java/atinject-jsr330-tck-1.0.jar
7f97e409f000-7f97e40a2000 r--s 00007000 08:11 1847943                    /usr/share/java/maven3-settings-builder-3.3.9.jar
7f97e40a9000-7f97e40aa000 r--s 00001000 08:11 1847924                    /usr/share/java/wagon-http-shared-2.x.jar
7f97e40b0000-7f97e40b2000 r--s 00000000 08:11 1847905                    /usr/share/java/plexus-component-annotations-1.5.jar
7f97e40b6000-7f97e40b8000 r--s 0000e000 08:11 1847691                    /usr/share/java/plexus-interpolation.jar
7f97e40bd000-7f97e40c2000 r--s 0001d000 08:11 1847792                    /usr/share/java/eclipse-aether-api.jar
7f97e40c5000-7f97e40ca000 r--s 00025000 08:11 1847939                    /usr/share/java/maven3-model-builder-3.3.9.jar
7f97e40ce000-7f97e40d0000 r--s 00006000 08:11 1847790                    /usr/share/java/eclipse-aether-spi.jar
7f97e40d0000-7f97e40fc000 r--s 00208000 08:11 1847732                    /usr/share/java/guava.jar
7f97e40ff000-7f97e8000000 rw-p 00000000 00:00 0 
7f97e8000000-7f97e8021000 rw-p 00000000 00:00 0 
7f97e8021000-7f97ec000000 ---p 00000000 00:00 0 
7f97ec006000-7f97ec007000 r--s 00006000 08:11 1847857                    /usr/share/java/plexus-sec-dispatcher.jar
7f97ec008000-7f97ec00d000 r--s 00040000 08:11 1847642                    /usr/share/java/commons-lang-2.6.jar
7f97ec00d000-7f97ec00f000 r--s 00005000 08:11 1847791                    /usr/share/java/eclipse-aether-transport-wagon.jar
7f97ec00f000-7f97ec011000 r--s 00007000 08:11 1847712                    /usr/share/java/slf4j-api.jar
7f97ec016000-7f97ec35b000 rw-p 00000000 00:00 0 
7f97ec35b000-7f97ec535000 r--s 03d6b000 08:11 1982016                    /usr/lib/jvm/java-8-oracle/jre/lib/rt.jar
7f97ec53b000-7f97ec89b000 rw-p 00000000 00:00 0 
7f97ec89b000-7f97ec89c000 ---p 00000000 00:00 0 
7f97ec89c000-7f97ec99c000 rw-p 00000000 00:00 0 
7f97ec99c000-7f97ec99d000 ---p 00000000 00:00 0 
7f97ec99d000-7f97eca9d000 rw-p 00000000 00:00 0 
7f97eca9d000-7f97eca9e000 ---p 00000000 00:00 0 
7f97eca9e000-7f97ecb9e000 rw-p 00000000 00:00 0 
7f97ecb9e000-7f97ecb9f000 ---p 00000000 00:00 0 
7f97ecb9f000-7f97eccc3000 rw-p 00000000 00:00 0 
7f97eccc3000-7f97ecedf000 ---p 00000000 00:00 0 
7f97ecedf000-7f97ecf1a000 rw-p 00000000 00:00 0 
7f97ecf1a000-7f97ecfff000 ---p 00000000 00:00 0 
7f97ecfff000-7f97ed000000 rw-p 00000000 00:00 0 
7f97ed000000-7f97edb40000 rwxp 00000000 00:00 0 
7f97edb40000-7f97fc000000 ---p 00000000 00:00 0 
7f97fc000000-7f97fcaaf000 rw-p 00000000 00:00 0 
7f97fcaaf000-7f9800000000 ---p 00000000 00:00 0 
7f9800007000-7f980000b000 r--s 00027000 08:11 1847785                    /usr/share/java/eclipse-aether-impl.jar
7f9800010000-7f9800016000 r--s 00048000 08:11 1847728                    /usr/share/java/jsoup.jar
7f9800018000-7f9800019000 r--s 00008000 08:11 1847788                    /usr/share/java/eclipse-aether-connector-basic.jar
7f980001a000-7f9800124000 rw-p 00000000 00:00 0 
7f9800124000-7f9800340000 ---p 00000000 00:00 0 
7f9800340000-7f980036d000 rw-p 00000000 00:00 0 
7f980036d000-7f9800700000 ---p 00000000 00:00 0 
7f9800700000-7f980071b000 r-xp 00000000 08:11 1982072                    /usr/lib/jvm/java-8-oracle/jre/lib/amd64/libzip.so
7f980071b000-7f980091b000 ---p 0001b000 08:11 1982072                    /usr/lib/jvm/java-8-oracle/jre/lib/amd64/libzip.so
7f980091b000-7f980091c000 rw-p 0001b000 08:11 1982072                    /usr/lib/jvm/java-8-oracle/jre/lib/amd64/libzip.so
7f9800920000-7f980092b000 r-xp 00000000 08:11 3805814                    /lib/x86_64-linux-gnu/libnss_files-2.23.so
7f980092b000-7f9800b2a000 ---p 0000b000 08:11 3805814                    /lib/x86_64-linux-gnu/libnss_files-2.23.so
7f9800b2a000-7f9800b2b000 r--p 0000a000 08:11 3805814                    /lib/x86_64-linux-gnu/libnss_files-2.23.so
7f9800b2b000-7f9800b2c000 rw-p 0000b000 08:11 3805814                    /lib/x86_64-linux-gnu/libnss_files-2.23.so
7f9800b2c000-7f9800b32000 rw-p 00000000 00:00 0 
7f9800b38000-7f9800b43000 r-xp 00000000 08:11 3805824                    /lib/x86_64-linux-gnu/libnss_nis-2.23.so
7f9800b43000-7f9800d42000 ---p 0000b000 08:11 3805824                    /lib/x86_64-linux-gnu/libnss_nis-2.23.so
7f9800d42000-7f9800d43000 r--p 0000a000 08:11 3805824                    /lib/x86_64-linux-gnu/libnss_nis-2.23.so
7f9800d43000-7f9800d44000 rw-p 0000b000 08:11 3805824                    /lib/x86_64-linux-gnu/libnss_nis-2.23.so
7f9800d48000-7f9800d5e000 r-xp 00000000 08:11 3805808                    /lib/x86_64-linux-gnu/libnsl-2.23.so
7f9800d5e000-7f9800f5d000 ---p 00016000 08:11 3805808                    /lib/x86_64-linux-gnu/libnsl-2.23.so
7f9800f5d000-7f9800f5e000 r--p 00015000 08:11 3805808                    /lib/x86_64-linux-gnu/libnsl-2.23.so
7f9800f5e000-7f9800f5f000 rw-p 00016000 08:11 3805808                    /lib/x86_64-linux-gnu/libnsl-2.23.so
7f9800f5f000-7f9800f61000 rw-p 00000000 00:00 0 
7f9800f68000-7f9800f70000 r-xp 00000000 08:11 3805810                    /lib/x86_64-linux-gnu/libnss_compat-2.23.so
7f9800f70000-7f980116f000 ---p 00008000 08:11 3805810                    /lib/x86_64-linux-gnu/libnss_compat-2.23.so
7f980116f000-7f9801170000 r--p 00007000 08:11 3805810                    /lib/x86_64-linux-gnu/libnss_compat-2.23.so
7f9801170000-7f9801171000 rw-p 00008000 08:11 3805810                    /lib/x86_64-linux-gnu/libnss_compat-2.23.so
7f9801178000-7f98011a3000 r-xp 00000000 08:11 1982066                    /usr/lib/jvm/java-8-oracle/jre/lib/amd64/libjava.so
7f98011a3000-7f98013a2000 ---p 0002b000 08:11 1982066                    /usr/lib/jvm/java-8-oracle/jre/lib/amd64/libjava.so
7f98013a2000-7f98013a4000 rw-p 0002a000 08:11 1982066                    /usr/lib/jvm/java-8-oracle/jre/lib/amd64/libjava.so
7f98013a8000-7f98013b5000 r-xp 00000000 08:11 1982071                    /usr/lib/jvm/java-8-oracle/jre/lib/amd64/libverify.so
7f98013b5000-7f98015b5000 ---p 0000d000 08:11 1982071                    /usr/lib/jvm/java-8-oracle/jre/lib/amd64/libverify.so
7f98015b5000-7f98015b7000 rw-p 0000d000 08:11 1982071                    /usr/lib/jvm/java-8-oracle/jre/lib/amd64/libverify.so
7f98015b8000-7f98015bf000 r-xp 00000000 08:11 3805869                    /lib/x86_64-linux-gnu/librt-2.23.so
7f98015bf000-7f98017be000 ---p 00007000 08:11 3805869                    /lib/x86_64-linux-gnu/librt-2.23.so
7f98017be000-7f98017bf000 r--p 00006000 08:11 3805869                    /lib/x86_64-linux-gnu/librt-2.23.so
7f98017bf000-7f98017c0000 rw-p 00007000 08:11 3805869                    /lib/x86_64-linux-gnu/librt-2.23.so
7f98017c0000-7f98018c8000 r-xp 00000000 08:11 3805785                    /lib/x86_64-linux-gnu/libm-2.23.so
7f98018c8000-7f9801ac7000 ---p 00108000 08:11 3805785                    /lib/x86_64-linux-gnu/libm-2.23.so
7f9801ac7000-7f9801ac8000 r--p 00107000 08:11 3805785                    /lib/x86_64-linux-gnu/libm-2.23.so
7f9801ac8000-7f9801ac9000 rw-p 00108000 08:11 3805785                    /lib/x86_64-linux-gnu/libm-2.23.so
7f9801ad0000-7f98027ac000 r-xp 00000000 08:11 2361036                    /usr/lib/jvm/java-8-oracle/jre/lib/amd64/server/libjvm.so
7f98027ac000-7f98029ac000 ---p 00cdc000 08:11 2361036                    /usr/lib/jvm/java-8-oracle/jre/lib/amd64/server/libjvm.so
7f98029ac000-7f9802a86000 rw-p 00cdc000 08:11 2361036                    /usr/lib/jvm/java-8-oracle/jre/lib/amd64/server/libjvm.so
7f9802a86000-7f9802ad1000 rw-p 00000000 00:00 0 
7f9802ad8000-7f9802c98000 r-xp 00000000 08:11 3805715                    /lib/x86_64-linux-gnu/libc-2.23.so
7f9802c98000-7f9802e98000 ---p 001c0000 08:11 3805715                    /lib/x86_64-linux-gnu/libc-2.23.so
7f9802e98000-7f9802e9c000 r--p 001c0000 08:11 3805715                    /lib/x86_64-linux-gnu/libc-2.23.so
7f9802e9c000-7f9802e9e000 rw-p 001c4000 08:11 3805715                    /lib/x86_64-linux-gnu/libc-2.23.so
7f9802e9e000-7f9802ea2000 rw-p 00000000 00:00 0 
7f9802ea8000-7f9802eab000 r-xp 00000000 08:11 3805739                    /lib/x86_64-linux-gnu/libdl-2.23.so
7f9802eab000-7f98030aa000 ---p 00003000 08:11 3805739                    /lib/x86_64-linux-gnu/libdl-2.23.so
7f98030aa000-7f98030ab000 r--p 00002000 08:11 3805739                    /lib/x86_64-linux-gnu/libdl-2.23.so
7f98030ab000-7f98030ac000 rw-p 00003000 08:11 3805739                    /lib/x86_64-linux-gnu/libdl-2.23.so
7f98030b0000-7f98030c6000 r-xp 00000000 08:11 1573989                    /usr/lib/jvm/java-8-oracle/lib/amd64/jli/libjli.so
7f98030c6000-7f98032c5000 ---p 00016000 08:11 1573989                    /usr/lib/jvm/java-8-oracle/lib/amd64/jli/libjli.so
7f98032c5000-7f98032c6000 rw-p 00015000 08:11 1573989                    /usr/lib/jvm/java-8-oracle/lib/amd64/jli/libjli.so
7f98032c8000-7f98032e0000 r-xp 00000000 08:11 3805861                    /lib/x86_64-linux-gnu/libpthread-2.23.so
7f98032e0000-7f98034df000 ---p 00018000 08:11 3805861                    /lib/x86_64-linux-gnu/libpthread-2.23.so
7f98034df000-7f98034e0000 r--p 00017000 08:11 3805861                    /lib/x86_64-linux-gnu/libpthread-2.23.so
7f98034e0000-7f98034e1000 rw-p 00018000 08:11 3805861                    /lib/x86_64-linux-gnu/libpthread-2.23.so
7f98034e1000-7f98034e5000 rw-p 00000000 00:00 0 
7f98034e8000-7f980350e000 r-xp 00000000 08:11 3805687                    /lib/x86_64-linux-gnu/ld-2.23.so
7f9803512000-7f9803514000 r--s 0000a000 08:11 1847899                    /usr/share/java/plexus-classworlds2-2.5.2.jar
7f9803519000-7f9803600000 rw-p 00000000 00:00 0 
7f9803600000-7f9803608000 rw-s 00000000 08:11 930223                     /tmp/hsperfdata_luncert/17358
7f980360a000-7f980360b000 rw-p 00000000 00:00 0 
7f980360b000-7f980360c000 ---p 00000000 00:00 0 
7f980360c000-7f980360f000 ---p 00000000 00:00 0 
7f980360f000-7f980370d000 rw-p 00000000 00:00 0 
7f980370d000-7f980370e000 r--p 00025000 08:11 3805687                    /lib/x86_64-linux-gnu/ld-2.23.so
7f980370e000-7f980370f000 rw-p 00026000 08:11 3805687                    /lib/x86_64-linux-gnu/ld-2.23.so
7f980370f000-7f9803711000 rw-p 00000000 00:00 0 
7f9803711000-7f9803715000 rw-p 00000000 00:00 0 
7fff1d672000-7fff1d694000 rw-p 00000000 00:00 0                          [stack]
7fff1d730000-7fff1d733000 r--p 00000000 00:00 0                          [vvar]
7fff1d733000-7fff1d735000 r-xp 00000000 00:00 0                          [vdso]
ffffffffff600000-ffffffffff601000 r-xp 00000000 00:00 0                  [vsyscall]

VM Arguments:
jvm_args: -Dclassworlds.conf=/usr/share/maven/bin/m2.conf -Dmaven.home=/usr/share/maven -Dmaven.multiModuleProjectDirectory=/home/luncert/Project/javain/pre1 
java_command: org.codehaus.plexus.classworlds.launcher.Launcher test -Dtest=org.luncert.CompareList
java_class_path (initial): /usr/share/maven/boot/plexus-classworlds-2.x.jar
Launcher Type: SUN_STANDARD

Environment Variables:
JAVA_HOME=/usr/lib/jvm/java-8-oracle
PATH=/home/luncert/.local/share/umake/bin:/home/luncert/bin:/home/luncert/.local/bin:/usr/local/sbin:/usr/local/bin:/usr/sbin:/usr/bin:/sbin:/bin:/usr/games:/usr/local/games:/snap/bin:/usr/lib/jvm/java-8-oracle/bin:/usr/lib/jvm/java-8-oracle/db/bin:/usr/lib/jvm/java-8-oracle/jre/bin:/usr/lib/groovy/bin:/opt/gradle/gradle-4.9/bin:/home/luncert/jython2.7.0/bin:/home/luncert/Platform/clojure/
USERNAME=luncert
SHELL=/bin/zsh
DISPLAY=:1

Signal Handlers:
SIGSEGV: [libjvm.so+0xad2a40], sa_mask[0]=11111111011111111101111111111110, sa_flags=SA_RESTART|SA_SIGINFO
SIGBUS: [libjvm.so+0xad2a40], sa_mask[0]=11111111011111111101111111111110, sa_flags=SA_RESTART|SA_SIGINFO
SIGFPE: [libjvm.so+0x92a610], sa_mask[0]=11111111011111111101111111111110, sa_flags=SA_RESTART|SA_SIGINFO
SIGPIPE: [libjvm.so+0x92a610], sa_mask[0]=11111111011111111101111111111110, sa_flags=SA_RESTART|SA_SIGINFO
SIGXFSZ: [libjvm.so+0x92a610], sa_mask[0]=11111111011111111101111111111110, sa_flags=SA_RESTART|SA_SIGINFO
SIGILL: [libjvm.so+0x92a610], sa_mask[0]=11111111011111111101111111111110, sa_flags=SA_RESTART|SA_SIGINFO
SIGUSR1: SIG_DFL, sa_mask[0]=00000000000000000000000000000000, sa_flags=none
SIGUSR2: [libjvm.so+0x92be70], sa_mask[0]=00000000000000000000000000000000, sa_flags=SA_RESTART|SA_SIGINFO
SIGHUP: [libjvm.so+0x92d270], sa_mask[0]=11111111011111111101111111111110, sa_flags=SA_RESTART|SA_SIGINFO
SIGINT: [libjvm.so+0x92d270], sa_mask[0]=11111111011111111101111111111110, sa_flags=SA_RESTART|SA_SIGINFO
SIGTERM: [libjvm.so+0x92d270], sa_mask[0]=11111111011111111101111111111110, sa_flags=SA_RESTART|SA_SIGINFO
SIGQUIT: [libjvm.so+0x92d270], sa_mask[0]=11111111011111111101111111111110, sa_flags=SA_RESTART|SA_SIGINFO


---------------  S Y S T E M  ---------------

OS:DISTRIB_ID=Ubuntu
DISTRIB_RELEASE=16.04
DISTRIB_CODENAME=xenial
DISTRIB_DESCRIPTION="Ubuntu 16.04.5 LTS"

uname:Linux 4.15.0-33-generic #36~16.04.1-Ubuntu SMP Wed Aug 15 17:21:05 UTC 2018 x86_64
libc:glibc 2.23 NPTL 2.23 
rlimit: STACK 8192k, CORE 0k, NPROC 27402, NOFILE 1048576, AS infinity
load average:2.04 1.31 1.18

/proc/meminfo:
MemTotal:        7074652 kB
MemFree:          132016 kB
MemAvailable:    3174328 kB
Buffers:          526600 kB
Cached:          2301512 kB
SwapCached:            0 kB
Active:          5232696 kB
Inactive:         884528 kB
Active(anon):    3235044 kB
Inactive(anon):   140640 kB
Active(file):    1997652 kB
Inactive(file):   743888 kB
Unevictable:         112 kB
Mlocked:             112 kB
SwapTotal:       7275516 kB
SwapFree:        7275516 kB
Dirty:               448 kB
Writeback:             0 kB
AnonPages:       3289464 kB
Mapped:           705084 kB
Shmem:            104172 kB
Slab:             654524 kB
SReclaimable:     604548 kB
SUnreclaim:        49976 kB
KernelStack:       15248 kB
PageTables:        63204 kB
NFS_Unstable:          0 kB
Bounce:                0 kB
WritebackTmp:          0 kB
CommitLimit:    10812840 kB
Committed_AS:   10617256 kB
VmallocTotal:   34359738367 kB
VmallocUsed:           0 kB
VmallocChunk:          0 kB
HardwareCorrupted:     0 kB
AnonHugePages:         0 kB
ShmemHugePages:        0 kB
ShmemPmdMapped:        0 kB
CmaTotal:              0 kB
CmaFree:               0 kB
HugePages_Total:       0
HugePages_Free:        0
HugePages_Rsvd:        0
HugePages_Surp:        0
Hugepagesize:       2048 kB
DirectMap4k:      204548 kB
DirectMap2M:     6025216 kB
DirectMap1G:     2097152 kB


CPU:total 4 (initial active 4) (4 cores per cpu, 1 threads per core) family 21 model 56 stepping 1, cmov, cx8, fxsr, mmx, sse, sse2, sse3, ssse3, sse4.1, sse4.2, popcnt, avx, aes, clmul, mmxext, 3dnowpref, lzcnt, sse4a, tsc, tscinvbit, tscinv, bmi1

/proc/cpuinfo:
processor	: 0
vendor_id	: AuthenticAMD
cpu family	: 21
model		: 56
model name	: AMD A10-7860K Radeon R7, 12 Compute Cores 4C+8G
stepping	: 1
microcode	: 0x6003106
cpu MHz		: 3006.950
cache size	: 2048 KB
physical id	: 0
siblings	: 4
core id		: 0
cpu cores	: 2
apicid		: 16
initial apicid	: 0
fpu		: yes
fpu_exception	: yes
cpuid level	: 13
wp		: yes
flags		: fpu vme de pse tsc msr pae mce cx8 apic sep mtrr pge mca cmov pat pse36 clflush mmx fxsr sse sse2 ht syscall nx mmxext fxsr_opt pdpe1gb rdtscp lm constant_tsc rep_good nopl nonstop_tsc cpuid extd_apicid aperfmperf pni pclmulqdq monitor ssse3 fma cx16 sse4_1 sse4_2 popcnt aes xsave avx f16c lahf_lm cmp_legacy svm extapic cr8_legacy abm sse4a misalignsse 3dnowprefetch osvw ibs xop skinit wdt lwp fma4 tce nodeid_msr tbm topoext perfctr_core perfctr_nb bpext ptsc cpb hw_pstate ssbd vmmcall fsgsbase bmi1 xsaveopt arat npt lbrv svm_lock nrip_save tsc_scale vmcb_clean flushbyasid decodeassists pausefilter pfthreshold overflow_recov
bugs		: fxsave_leak sysret_ss_attrs null_seg spectre_v1 spectre_v2 spec_store_bypass
bogomips	: 7182.49
TLB size	: 1536 4K pages
clflush size	: 64
cache_alignment	: 64
address sizes	: 48 bits physical, 48 bits virtual
power management: ts ttp tm 100mhzsteps hwpstate cpb eff_freq_ro [13]

processor	: 1
vendor_id	: AuthenticAMD
cpu family	: 21
model		: 56
model name	: AMD A10-7860K Radeon R7, 12 Compute Cores 4C+8G
stepping	: 1
microcode	: 0x6003106
cpu MHz		: 2739.798
cache size	: 2048 KB
physical id	: 0
siblings	: 4
core id		: 1
cpu cores	: 2
apicid		: 17
initial apicid	: 1
fpu		: yes
fpu_exception	: yes
cpuid level	: 13
wp		: yes
flags		: fpu vme de pse tsc msr pae mce cx8 apic sep mtrr pge mca cmov pat pse36 clflush mmx fxsr sse sse2 ht syscall nx mmxext fxsr_opt pdpe1gb rdtscp lm constant_tsc rep_good nopl nonstop_tsc cpuid extd_apicid aperfmperf pni pclmulqdq monitor ssse3 fma cx16 sse4_1 sse4_2 popcnt aes xsave avx f16c lahf_lm cmp_legacy svm extapic cr8_legacy abm sse4a misalignsse 3dnowprefetch osvw ibs xop skinit wdt lwp fma4 tce nodeid_msr tbm topoext perfctr_core perfctr_nb bpext ptsc cpb hw_pstate ssbd vmmcall fsgsbase bmi1 xsaveopt arat npt lbrv svm_lock nrip_save tsc_scale vmcb_clean flushbyasid decodeassists pausefilter pfthreshold overflow_recov
bugs		: fxsave_leak sysret_ss_attrs null_seg spectre_v1 spectre_v2 spec_store_bypass
bogomips	: 7182.49
TLB size	: 1536 4K pages
clflush size	: 64
cache_alignment	: 64
address sizes	: 48 bits physical, 48 bits virtual
power management: ts ttp tm 100mhzsteps hwpstate cpb eff_freq_ro [13]

processor	: 2
vendor_id	: AuthenticAMD
cpu family	: 21
model		: 56
model name	: AMD A10-7860K Radeon R7, 12 Compute Cores 4C+8G
stepping	: 1
microcode	: 0x6003106
cpu MHz		: 3591.108
cache size	: 2048 KB
physical id	: 0
siblings	: 4
core id		: 2
cpu cores	: 2
apicid		: 18
initial apicid	: 2
fpu		: yes
fpu_exception	: yes
cpuid level	: 13
wp		: yes
flags		: fpu vme de pse tsc msr pae mce cx8 apic sep mtrr pge mca cmov pat pse36 clflush mmx fxsr sse sse2 ht syscall nx mmxext fxsr_opt pdpe1gb rdtscp lm constant_tsc rep_good nopl nonstop_tsc cpuid extd_apicid aperfmperf pni pclmulqdq monitor ssse3 fma cx16 sse4_1 sse4_2 popcnt aes xsave avx f16c lahf_lm cmp_legacy svm extapic cr8_legacy abm sse4a misalignsse 3dnowprefetch osvw ibs xop skinit wdt lwp fma4 tce nodeid_msr tbm topoext perfctr_core perfctr_nb bpext ptsc cpb hw_pstate ssbd vmmcall fsgsbase bmi1 xsaveopt arat npt lbrv svm_lock nrip_save tsc_scale vmcb_clean flushbyasid decodeassists pausefilter pfthreshold overflow_recov
bugs		: fxsave_leak sysret_ss_attrs null_seg spectre_v1 spectre_v2 spec_store_bypass
bogomips	: 7182.49
TLB size	: 1536 4K pages
clflush size	: 64
cache_alignment	: 64
address sizes	: 48 bits physical, 48 bits virtual
power management: ts ttp tm 100mhzsteps hwpstate cpb eff_freq_ro [13]

processor	: 3
vendor_id	: AuthenticAMD
cpu family	: 21
model		: 56
model name	: AMD A10-7860K Radeon R7, 12 Compute Cores 4C+8G
stepping	: 1
microcode	: 0x6003106
cpu MHz		: 3591.245
cache size	: 2048 KB
physical id	: 0
siblings	: 4
core id		: 3
cpu cores	: 2
apicid		: 19
initial apicid	: 3
fpu		: yes
fpu_exception	: yes
cpuid level	: 13
wp		: yes
flags		: fpu vme de pse tsc msr pae mce cx8 apic sep mtrr pge mca cmov pat pse36 clflush mmx fxsr sse sse2 ht syscall nx mmxext fxsr_opt pdpe1gb rdtscp lm constant_tsc rep_good nopl nonstop_tsc cpuid extd_apicid aperfmperf pni pclmulqdq monitor ssse3 fma cx16 sse4_1 sse4_2 popcnt aes xsave avx f16c lahf_lm cmp_legacy svm extapic cr8_legacy abm sse4a misalignsse 3dnowprefetch osvw ibs xop skinit wdt lwp fma4 tce nodeid_msr tbm topoext perfctr_core perfctr_nb bpext ptsc cpb hw_pstate ssbd vmmcall fsgsbase bmi1 xsaveopt arat npt lbrv svm_lock nrip_save tsc_scale vmcb_clean flushbyasid decodeassists pausefilter pfthreshold overflow_recov
bugs		: fxsave_leak sysret_ss_attrs null_seg spectre_v1 spectre_v2 spec_store_bypass
bogomips	: 7182.49
TLB size	: 1536 4K pages
clflush size	: 64
cache_alignment	: 64
address sizes	: 48 bits physical, 48 bits virtual
power management: ts ttp tm 100mhzsteps hwpstate cpb eff_freq_ro [13]



Memory: 4k page, physical 7074652k(132456k free), swap 7275516k(7275516k free)

vm_info: Java HotSpot(TM) 64-Bit Server VM (25.181-b13) for linux-amd64 JRE (1.8.0_181-b13), built on Jul  7 2018 00:56:38 by "java_re" with gcc 4.3.0 20080428 (Red Hat 4.3.0-8)

time: Tue Sep 11 21:52:36 2018
elapsed time: 19 seconds (0d 0h 0m 19s)

